<?xml version="1.0" encoding="UTF-8"?>
<!-- Generated by org.testng.reporters.JUnitXMLReporter -->
<testsuite ignored="0" hostname="yash" failures="1" tests="1" name="Test" time="7.879" errors="0" timestamp="04 Apr 2023 06:18:52 GMT">
  <testcase classname="com.actitime.testscript.CreateModule" name="CreateCustomer" time="7.796">
    <failure type="org.openqa.selenium.SessionNotCreatedException" message="session not created: This version of ChromeDriver only supports Chrome version 108
Current browser version is 111.0.5563.147 with binary path C:\Program Files\Google\Chrome\Application\chrome.exe
Build info: version: &amp;apos;3.141.59&amp;apos;, revision: &amp;apos;e82be7d358&amp;apos;, time: &amp;apos;2018-11-14T08:17:03&amp;apos;
System info: host: &amp;apos;YASH&amp;apos;, ip: &amp;apos;192.168.157.1&amp;apos;, os.name: &amp;apos;Windows 10&amp;apos;, os.arch: &amp;apos;amd64&amp;apos;, os.version: &amp;apos;10.0&amp;apos;, java.version: &amp;apos;18.0.1.1&amp;apos;
Driver info: driver.version: ChromeDriver
remote stacktrace: Backtrace:
	(No symbol) [0x00F8F243]
	(No symbol) [0x00F17FD1]
	(No symbol) [0x00E0D04D]
	(No symbol) [0x00E2F6B4]
	(No symbol) [0x00E2A97C]
	(No symbol) [0x00E282E9]
	(No symbol) [0x00E5F056]
	(No symbol) [0x00E5EB2A]
	(No symbol) [0x00E58386]
	(No symbol) [0x00E3163C]
	(No symbol) [0x00E3269D]
	GetHandleVerifier [0x01229A22+2655074]
	GetHandleVerifier [0x0121CA24+2601828]
	GetHandleVerifier [0x01038C0A+619850]
	GetHandleVerifier [0x01037830+614768]
	(No symbol) [0x00F205FC]
	(No symbol) [0x00F25968]
	(No symbol) [0x00F25A55]
	(No symbol) [0x00F3051B]
	BaseThreadInitThunk [0x774C0099+25]
	RtlGetAppContainerNamedObjectPath [0x776A7B6E+286]
	RtlGetAppContainerNamedObjectPath [0x776A7B3E+238]
">
      <![CDATA[org.openqa.selenium.SessionNotCreatedException: session not created: This version of ChromeDriver only supports Chrome version 108
Current browser version is 111.0.5563.147 with binary path C:\Program Files\Google\Chrome\Application\chrome.exe
Build info: version: '3.141.59', revision: 'e82be7d358', time: '2018-11-14T08:17:03'
System info: host: 'YASH', ip: '192.168.157.1', os.name: 'Windows 10', os.arch: 'amd64', os.version: '10.0', java.version: '18.0.1.1'
Driver info: driver.version: ChromeDriver
remote stacktrace: Backtrace:
(No symbol) [0x00F8F243]
(No symbol) [0x00F17FD1]
(No symbol) [0x00E0D04D]
(No symbol) [0x00E2F6B4]
(No symbol) [0x00E2A97C]
(No symbol) [0x00E282E9]
(No symbol) [0x00E5F056]
(No symbol) [0x00E5EB2A]
(No symbol) [0x00E58386]
(No symbol) [0x00E3163C]
(No symbol) [0x00E3269D]
GetHandleVerifier [0x01229A22+2655074]
GetHandleVerifier [0x0121CA24+2601828]
GetHandleVerifier [0x01038C0A+619850]
GetHandleVerifier [0x01037830+614768]
(No symbol) [0x00F205FC]
(No symbol) [0x00F25968]
(No symbol) [0x00F25A55]
(No symbol) [0x00F3051B]
BaseThreadInitThunk [0x774C0099+25]
RtlGetAppContainerNamedObjectPath [0x776A7B6E+286]
RtlGetAppContainerNamedObjectPath [0x776A7B3E+238]

at org.openqa.selenium.remote.W3CHandshakeResponse.lambda$errorHandler$0(W3CHandshakeResponse.java:62)
at org.openqa.selenium.remote.HandshakeResponse.lambda$getResponseFunction$0(HandshakeResponse.java:30)
at org.openqa.selenium.remote.ProtocolHandshake.lambda$createSession$0(ProtocolHandshake.java:126)
at java.base/java.util.stream.ReferencePipeline$3$1.accept(ReferencePipeline.java:197)
at java.base/java.util.Spliterators$ArraySpliterator.tryAdvance(Spliterators.java:1002)
at java.base/java.util.stream.ReferencePipeline.forEachWithCancel(ReferencePipeline.java:129)
at java.base/java.util.stream.AbstractPipeline.copyIntoWithCancel(AbstractPipeline.java:527)
at java.base/java.util.stream.AbstractPipeline.copyInto(AbstractPipeline.java:513)
at java.base/java.util.stream.AbstractPipeline.wrapAndCopyInto(AbstractPipeline.java:499)
at java.base/java.util.stream.FindOps$FindOp.evaluateSequential(FindOps.java:150)
at java.base/java.util.stream.AbstractPipeline.evaluate(AbstractPipeline.java:234)
at java.base/java.util.stream.ReferencePipeline.findFirst(ReferencePipeline.java:647)
at org.openqa.selenium.remote.ProtocolHandshake.createSession(ProtocolHandshake.java:128)
at org.openqa.selenium.remote.ProtocolHandshake.createSession(ProtocolHandshake.java:74)
at org.openqa.selenium.remote.HttpCommandExecutor.execute(HttpCommandExecutor.java:136)
at org.openqa.selenium.remote.service.DriverCommandExecutor.execute(DriverCommandExecutor.java:83)
at org.openqa.selenium.remote.RemoteWebDriver.execute(RemoteWebDriver.java:552)
at org.openqa.selenium.remote.RemoteWebDriver.startSession(RemoteWebDriver.java:213)
at org.openqa.selenium.remote.RemoteWebDriver.<init>(RemoteWebDriver.java:131)
at org.openqa.selenium.chrome.ChromeDriver.<init>(ChromeDriver.java:181)
at org.openqa.selenium.chrome.ChromeDriver.<init>(ChromeDriver.java:168)
at org.openqa.selenium.chrome.ChromeDriver.<init>(ChromeDriver.java:123)
at com.actitime.testscript.CreateModule.CreateCustomer(CreateModule.java:16)
... Removed 26 stack frames]]>
    </failure>
  </testcase> <!-- CreateCustomer -->
</testsuite> <!-- Test -->
